llcharacter/llanimationstates.cpp
llcharacter/llbvhloader.cpp
llcharacter/llcharacter.cpp
llcharacter/lleditingmotion.cpp
llcharacter/llgesture.cpp
llcharacter/llhandmotion.cpp
llcharacter/llheadrotmotion.cpp
llcharacter/lljoint.cpp
llcharacter/lljointsolverrp3.cpp
llcharacter/llkeyframefallmotion.cpp
llcharacter/llkeyframemotion.cpp
llcharacter/llkeyframemotionparam.cpp
llcharacter/llkeyframestandmotion.cpp
llcharacter/llkeyframewalkmotion.cpp
llcharacter/llmotioncontroller.cpp
llcharacter/llmotion.cpp
llcharacter/llmultigesture.cpp
llcharacter/llpose.cpp
llcharacter/llstatemachine.cpp
llcharacter/lltargetingmotion.cpp
llcharacter/llvisualparam.cpp
