llui/llalertdialog.cpp
llui/llbutton.cpp
llui/llcheckboxctrl.cpp
llui/llclipboard.cpp
llui/llcombobox.cpp
llui/llctrlselectioninterface.cpp
llui/lldraghandle.cpp
llui/lleditmenuhandler.cpp
llui/llfloater.cpp
llui/llfocusmgr.cpp
llui/llhtmlhelp.h
llui/lliconctrl.cpp
llui/llkeywords.cpp
llui/lllineeditor.cpp
llui/llmenugl.cpp
llui/llmodaldialog.cpp
llui/llpanel.cpp
llui/llradiogroup.cpp
llui/llresizebar.cpp
llui/llresizehandle.cpp
llui/llresmgr.cpp
llui/llrootview.cpp
llui/llscrollbar.cpp
llui/llscrollcontainer.cpp
llui/llscrollingpanellist.cpp
llui/llscrolllistctrl.cpp
llui/llslider.cpp
llui/llsliderctrl.cpp
llui/llspinctrl.cpp
llui/llstyle.cpp
llui/lltabcontainer.cpp
llui/lltabcontainervertical.cpp
llui/lltextbox.cpp
llui/lltexteditor.cpp
llui/llui.cpp
llui/lluictrl.cpp
llui/lluictrlfactory.cpp
llui/lluistring.cpp
llui/llundo.cpp
llui/llview.cpp
llui/llviewborder.cpp
llui/llviewquery.cpp

